[debug] [2021-04-05T15:22:35.663Z] ----------------------------------------------------------------------
[debug] [2021-04-05T15:22:35.665Z] Command:       D:\Developments\node.exe D:\Developments\node_modules\firebase-tools\lib\bin\firebase.js init
[debug] [2021-04-05T15:22:35.665Z] CLI Version:   9.8.0
[debug] [2021-04-05T15:22:35.665Z] Platform:      win32
[debug] [2021-04-05T15:22:35.665Z] Node Version:  v14.15.4
[debug] [2021-04-05T15:22:35.666Z] Time:          Mon Apr 05 2021 18:22:35 GMT+0300 (GMT+03:00)
[debug] [2021-04-05T15:22:35.666Z] ----------------------------------------------------------------------
[debug] 
[debug] [2021-04-05T15:22:35.671Z] > command requires scopes: ["email","openid","https://www.googleapis.com/auth/cloudplatformprojects.readonly","https://www.googleapis.com/auth/firebase","https://www.googleapis.com/auth/cloud-platform"]
[debug] [2021-04-05T15:22:35.672Z] > authorizing via signed-in user
[info] 
     ######## #### ########  ######## ########     ###     ######  ########
     ##        ##  ##     ## ##       ##     ##  ##   ##  ##       ##
     ######    ##  ########  ######   ########  #########  ######  ######
     ##        ##  ##    ##  ##       ##     ## ##     ##       ## ##
     ##       #### ##     ## ######## ########  ##     ##  ######  ########

You're about to initialize a Firebase project in this directory:

  D:\Developments\React\netflixClone\netflix-clone

[info] 
=== Project Setup
[info] 
[info] First, let's associate this project directory with a Firebase project.
[info] You can create multiple project aliases by running firebase use --add, 
[info] but for now we'll just set up a default project.
[info] 
[debug] [2021-04-05T15:22:59.000Z] >>> [apiv2][query] GET https://firebase.googleapis.com/v1beta1/projects pageSize=100
[debug] [2021-04-05T15:22:59.394Z] <<< [apiv2][status] GET https://firebase.googleapis.com/v1beta1/projects 200
[debug] [2021-04-05T15:22:59.394Z] <<< [apiv2][body] GET https://firebase.googleapis.com/v1beta1/projects [omitted]
[info] i  Using project netflix-clone-f9545 (netflix-clone) 
[info] 
=== Hosting Setup
[info] 
[info] Your public directory is the folder (relative to your project directory) that
[info] will contain Hosting assets to be uploaded with firebase deploy. If you
[info] have a build process for your assets, use your build's output directory.
[info] 
[debug] [2021-04-05T15:24:50.452Z] >>> [apiv2][query] GET https://www.gstatic.com/firebasejs/releases.json [none]
[debug] [2021-04-05T15:24:50.589Z] <<< [apiv2][status] GET https://www.gstatic.com/firebasejs/releases.json 200
[debug] [2021-04-05T15:24:50.589Z] <<< [apiv2][body] GET https://www.gstatic.com/firebasejs/releases.json {"current":{"version":"8.3.2","browserURL":"https://www.gstatic.com/firebasejs/8.3.2/firebase.js","packageURL":"https://www.gstatic.com/firebasejs/8.3.2/firebase.tgz"},"live":{"version":"8.3","browserURL":"https://www.gstatic.com/firebasejs/live/8.3/firebase.js","packageURL":"https://www.gstatic.com/firebasejs/live/8.3/firebase.tgz"},"components":{"analytics":"https://www.gstatic.com/firebasejs/8.3.2/firebase-analytics.js","app":"https://www.gstatic.com/firebasejs/8.3.2/firebase-app.js","auth":"https://www.gstatic.com/firebasejs/8.3.2/firebase-auth.js","database":"https://www.gstatic.com/firebasejs/8.3.2/firebase-database.js","firestore":"https://www.gstatic.com/firebasejs/8.3.2/firebase-firestore.js","functions":"https://www.gstatic.com/firebasejs/8.3.2/firebase-functions.js","installations":"https://www.gstatic.com/firebasejs/8.3.2/firebase-installations.js","messaging":"https://www.gstatic.com/firebasejs/8.3.2/firebase-messaging.js","storage":"https://www.gstatic.com/firebasejs/8.3.2/firebase-storage.js","performance":"https://www.gstatic.com/firebasejs/8.3.2/firebase-performance.js","remote-config":"https://www.gstatic.com/firebasejs/8.3.2/firebase-remote-config.js","firestore.memory":"https://www.gstatic.com/firebasejs/8.3.2/firebase-firestore.memory.js"}}
[info] +  Wrote build/index.html 
[info] 
[info] i  Detected a .git folder at D:\Developments\React\netflixClone 
[info] i  Authorizing with GitHub to upload your service account to a GitHub repository's secrets store. 
[info] 
[info] Visit this URL on this device to log in:
[info] https://github.com/login/oauth/authorize?client_id=89cf50f02ac6aaed3484&state=708502861&redirect_uri=http%3A%2F%2Flocalhost%3A9005&scope=read%3Auser%20repo%20public_repo
[info] 
[info] Waiting for authentication...
[debug] [2021-04-05T15:25:19.225Z] >>> HTTP REQUEST POST https://github.com/login/oauth/access_token  
 {"client_id":"89cf50f02ac6aaed3484","client_secret":"3330d14abc895d9a74d5f17cd7a00711fa2c5bf0","code":"e8c720153260f06565db","redirect_uri":"http://localhost:9005","state":"708502861"}
[debug] [2021-04-05T15:25:19.522Z] <<< HTTP RESPONSE 200 {"server":"GitHub.com","date":"Mon, 05 Apr 2021 15:25:19 GMT","content-type":"application/json; charset=utf-8","transfer-encoding":"chunked","vary":"X-PJAX, Accept-Encoding, Accept, X-Requested-With","etag":"W/\"55cb160180fc04ef6172b1b0ba518450\"","cache-control":"max-age=0, private, must-revalidate","strict-transport-security":"max-age=31536000; includeSubdomains; preload","x-frame-options":"deny","x-content-type-options":"nosniff","x-xss-protection":"0","referrer-policy":"origin-when-cross-origin, strict-origin-when-cross-origin","expect-ct":"max-age=2592000, report-uri=\"https://api.github.com/_private/browser/errors\"","content-security-policy":"default-src 'none'; base-uri 'self'; block-all-mixed-content; connect-src 'self' uploads.github.com www.githubstatus.com collector.githubapp.com api.github.com github-cloud.s3.amazonaws.com github-production-repository-file-5c1aeb.s3.amazonaws.com github-production-upload-manifest-file-7fdce7.s3.amazonaws.com github-production-user-asset-6210df.s3.amazonaws.com cdn.optimizely.com logx.optimizely.com/v1/events wss://alive.github.com; font-src github.githubassets.com; form-action 'self' github.com gist.github.com; frame-ancestors 'none'; frame-src render.githubusercontent.com; img-src 'self' data: github.githubassets.com identicons.github.com collector.githubapp.com github-cloud.s3.amazonaws.com secured-user-images.githubusercontent.com/ *.githubusercontent.com; manifest-src 'self'; media-src 'none'; script-src github.githubassets.com; style-src 'unsafe-inline' github.githubassets.com; worker-src github.com/socket-worker-3f088aa2.js gist.github.com/socket-worker-3f088aa2.js","x-github-request-id":"12CC:09CA:433E97D:45D4F28:606B2BDE"}
[debug] [2021-04-05T15:25:19.616Z] >>> [apiv2][query] GET https://api.github.com/user [none]
[debug] [2021-04-05T15:25:19.998Z] <<< [apiv2][status] GET https://api.github.com/user 200
[debug] [2021-04-05T15:25:19.998Z] <<< [apiv2][body] GET https://api.github.com/user {"login":"cagataysen","id":9660810,"node_id":"MDQ6VXNlcjk2NjA4MTA=","avatar_url":"https://avatars.githubusercontent.com/u/9660810?v=4","gravatar_id":"","url":"https://api.github.com/users/cagataysen","html_url":"https://github.com/cagataysen","followers_url":"https://api.github.com/users/cagataysen/followers","following_url":"https://api.github.com/users/cagataysen/following{/other_user}","gists_url":"https://api.github.com/users/cagataysen/gists{/gist_id}","starred_url":"https://api.github.com/users/cagataysen/starred{/owner}{/repo}","subscriptions_url":"https://api.github.com/users/cagataysen/subscriptions","organizations_url":"https://api.github.com/users/cagataysen/orgs","repos_url":"https://api.github.com/users/cagataysen/repos","events_url":"https://api.github.com/users/cagataysen/events{/privacy}","received_events_url":"https://api.github.com/users/cagataysen/received_events","type":"User","site_admin":false,"name":"Cagatay Sen","company":null,"blog":"https://www.linkedin.com/in/cagataysen/","location":"Istanbul","email":"drosen_26@hotmail.com","hireable":true,"bio":"Senior Computer Engineering student ","twitter_username":null,"public_repos":22,"public_gists":0,"followers":1,"following":5,"created_at":"2014-11-10T18:07:53Z","updated_at":"2021-04-05T15:25:18Z","private_gists":0,"total_private_repos":2,"owned_private_repos":2,"disk_usage":6124,"collaborators":0,"two_factor_authentication":false,"plan":{"name":"free","space":976562499,"collaborators":0,"private_repos":10000}}
[info] 
[info] +  Success! Logged into GitHub as cagataysen 
[info] 
[debug] [2021-04-05T15:26:01.195Z] >>> [apiv2][query] GET https://api.github.com/repos/netflixClone/actions/secrets/public-key type=owner
[debug] [2021-04-05T15:26:01.444Z] <<< [apiv2][status] GET https://api.github.com/repos/netflixClone/actions/secrets/public-key 404
[debug] [2021-04-05T15:26:01.444Z] <<< [apiv2][body] GET https://api.github.com/repos/netflixClone/actions/secrets/public-key {"message":"Not Found","documentation_url":"https://docs.github.com/rest"}
[debug] [2021-04-05T15:26:13.915Z] >>> [apiv2][query] GET https://api.github.com/repos/netflix-clone/actions/secrets/public-key type=owner
[debug] [2021-04-05T15:26:14.179Z] <<< [apiv2][status] GET https://api.github.com/repos/netflix-clone/actions/secrets/public-key 404
[debug] [2021-04-05T15:26:14.179Z] <<< [apiv2][body] GET https://api.github.com/repos/netflix-clone/actions/secrets/public-key {"message":"Not Found","documentation_url":"https://docs.github.com/rest"}
[debug] [2021-04-05T15:27:02.063Z] >>> [apiv2][query] GET https://api.github.com/repos/cagataysen/netflixClone/actions/secrets/public-key type=owner
[debug] [2021-04-05T15:27:02.324Z] <<< [apiv2][status] GET https://api.github.com/repos/cagataysen/netflixClone/actions/secrets/public-key 404
[debug] [2021-04-05T15:27:02.324Z] <<< [apiv2][body] GET https://api.github.com/repos/cagataysen/netflixClone/actions/secrets/public-key {"message":"Not Found","documentation_url":"https://docs.github.com/rest/reference/actions#get-a-repository-public-key"}
